0 info it worked if it ends with ok
1 verbose cli [ '/usr/local/bin/node',
1 verbose cli   '/usr/local/bin/npm',
1 verbose cli   'publish',
1 verbose cli   '--access=public' ]
2 info using npm@3.3.12
3 info using node@v4.2.2
4 verbose publish [ '.' ]
5 silly cache add args [ '.', null ]
6 verbose cache add spec .
7 silly cache add parsed spec Result {
7 silly cache add   raw: '.',
7 silly cache add   scope: null,
7 silly cache add   name: null,
7 silly cache add   rawSpec: '.',
7 silly cache add   spec: '/Users/jward01/Documents/Dev/LegendUtil',
7 silly cache add   type: 'directory' }
8 verbose addLocalDirectory /Users/jward01/.npm/legend-util/0.0.1/package.tgz not in flight; packing
9 info lifecycle legend-util@0.0.1~prepublish: legend-util@0.0.1
10 silly lifecycle legend-util@0.0.1~prepublish: no script for prepublish, continuing
11 verbose tar pack [ '/Users/jward01/.npm/legend-util/0.0.1/package.tgz',
11 verbose tar pack   '/Users/jward01/Documents/Dev/LegendUtil' ]
12 verbose tarball /Users/jward01/.npm/legend-util/0.0.1/package.tgz
13 verbose folder /Users/jward01/Documents/Dev/LegendUtil
14 verbose addLocalTarball adding from inside cache /Users/jward01/.npm/legend-util/0.0.1/package.tgz
15 silly cache afterAdd legend-util@0.0.1
16 verbose afterAdd /Users/jward01/.npm/legend-util/0.0.1/package/package.json not in flight; writing
17 verbose afterAdd /Users/jward01/.npm/legend-util/0.0.1/package/package.json written
18 silly publish { name: 'legend-util',
18 silly publish   version: '0.0.1',
18 silly publish   description: 'Number Formatter =========',
18 silly publish   main: 'index.js',
18 silly publish   directories: { test: 'test' },
18 silly publish   dependencies: {},
18 silly publish   devDependencies: {},
18 silly publish   scripts: { test: 'mocha --reporter spec; mocha --reporter nyan' },
18 silly publish   repository:
18 silly publish    { type: 'git',
18 silly publish      url: 'git+https://github.com/jeffward01/LegendaryUtilJS.git' },
18 silly publish   keywords: [ 'binary', 'search' ],
18 silly publish   author:
18 silly publish    { name: 'Jeff Ward',
18 silly publish      email: 'jeff@jeffwarddevelopment.com',
18 silly publish      url: 'http://www.jeffwarddevelopment.com' },
18 silly publish   license: 'MIT',
18 silly publish   bugs: { url: 'https://github.com/jeffward01/LegendaryUtilJS/issues' },
18 silly publish   homepage: 'https://github.com/jeffward01/LegendaryUtilJS#readme',
18 silly publish   readme: 'Number Formatter\n=========\n\nA small library that adds commas to numbers\n\n## Installation\n\n  `npm install @jeffward01/legend-util`\n\n## Usage\n\n    var numFormatter = require(\'@jdaudier/number-formatter\');\n\n    var formattedNum = numFormatter(35666);\n  \n  \n  Output should be `35,666`\n\n\n## Tests\n\n  `npm test`\n\n## Contributing\n\nIn lieu of a formal style guide, take care to maintain the existing coding style. Add unit tests for any new or changed functionality. Lint and test your code.\n',
18 silly publish   readmeFilename: 'ReadMe.md',
18 silly publish   gitHead: 'bbe029e71317ddf3872376eadbb9c62df964d8ec',
18 silly publish   _id: 'legend-util@0.0.1',
18 silly publish   _shasum: '1db8406b203da425646779dce09d2c549603b750',
18 silly publish   _from: '.' }
19 verbose getPublishConfig undefined
20 silly mapToRegistry name legend-util
21 silly mapToRegistry using default registry
22 silly mapToRegistry registry https://registry.npmjs.org/
23 silly mapToRegistry uri https://registry.npmjs.org/legend-util
24 verbose publish registryBase https://registry.npmjs.org/
25 silly publish uploading /Users/jward01/.npm/legend-util/0.0.1/package.tgz
26 verbose request uri https://registry.npmjs.org/legend-util
27 verbose request sending authorization for write operation
28 info attempt registry request try #1 at 11:46:00 AM
29 verbose request using bearer token for auth
30 verbose request id c5784cf92fd0afcc
31 http request PUT https://registry.npmjs.org/legend-util
32 http 403 https://registry.npmjs.org/legend-util
33 verbose headers { 'content-type': 'application/json',
33 verbose headers   'cache-control': 'max-age=300',
33 verbose headers   'content-length': '95',
33 verbose headers   'accept-ranges': 'bytes',
33 verbose headers   date: 'Sun, 16 Oct 2016 18:46:00 GMT',
33 verbose headers   via: '1.1 varnish',
33 verbose headers   connection: 'keep-alive',
33 verbose headers   'x-served-by': 'cache-lax8629-LAX',
33 verbose headers   'x-cache': 'MISS',
33 verbose headers   'x-cache-hits': '0',
33 verbose headers   'x-timer': 'S1476643560.348632,VS0,VE215',
33 verbose headers   vary: 'Accept-Encoding' }
34 verbose request invalidating /Users/jward01/.npm/registry.npmjs.org/legend-util on PUT
35 error publish Failed PUT 403
36 verbose stack Error: "You cannot publish over the previously published version 0.0.1." : legend-util
36 verbose stack     at makeError (/usr/local/lib/node_modules/npm/node_modules/npm-registry-client/lib/request.js:264:12)
36 verbose stack     at CachingRegistryClient.<anonymous> (/usr/local/lib/node_modules/npm/node_modules/npm-registry-client/lib/request.js:252:14)
36 verbose stack     at Request._callback (/usr/local/lib/node_modules/npm/node_modules/npm-registry-client/lib/request.js:172:14)
36 verbose stack     at Request.self.callback (/usr/local/lib/node_modules/npm/node_modules/request/request.js:198:22)
36 verbose stack     at emitTwo (events.js:87:13)
36 verbose stack     at Request.emit (events.js:172:7)
36 verbose stack     at Request.<anonymous> (/usr/local/lib/node_modules/npm/node_modules/request/request.js:1082:10)
36 verbose stack     at emitOne (events.js:82:20)
36 verbose stack     at Request.emit (events.js:169:7)
36 verbose stack     at IncomingMessage.<anonymous> (/usr/local/lib/node_modules/npm/node_modules/request/request.js:1009:12)
37 verbose statusCode 403
38 verbose pkgid legend-util
39 verbose cwd /Users/jward01/Documents/Dev/LegendUtil
40 error Darwin 15.6.0
41 error argv "/usr/local/bin/node" "/usr/local/bin/npm" "publish" "--access=public"
42 error node v4.2.2
43 error npm  v3.3.12
44 error code E403
45 error "You cannot publish over the previously published version 0.0.1." : legend-util
46 error If you need help, you may report this error at:
46 error     <https://github.com/npm/npm/issues>
47 verbose exit [ 1, true ]
